<?xml version="1.0" encoding="UTF-8"?>
<!-- Generated by org.testng.reporters.JUnitReportReporter -->
<testsuite skipped="4" hostname="DESKTOP-2BNHLU2" name="com.wbl.LoginPageTest" tests="4" failures="0" timestamp="04 Jan 2018 15:46:02 GMT" time="0.000" errors="0">
  <testcase name="checkValidUser" time="0.000" classname="com.wbl.LoginPageTest">
    <skipped/>
  </testcase> <!-- checkValidUser -->
  <testcase name="checkInValidUser" time="0.000" classname="com.wbl.LoginPageTest">
    <skipped/>
  </testcase> <!-- checkInValidUser -->
  <testcase name="checkValidUserPassword" time="0.000" classname="com.wbl.LoginPageTest">
    <skipped/>
  </testcase> <!-- checkValidUserPassword -->
  <testcase name="checkInvalidPassword" time="0.000" classname="com.wbl.LoginPageTest">
    <skipped/>
  </testcase> <!-- checkInvalidPassword -->
</testsuite> <!-- com.wbl.LoginPageTest -->
